Determining if the pthread_create exist failed with the following output:
Change Dir: /home/pi/easyNav-gears/CG3002_ROS_WS/build/CMakeFiles/CMakeTmp

Run Build Command:/usr/bin/make "cmTryCompileExec3779651654/fast"
/usr/bin/make -f CMakeFiles/cmTryCompileExec3779651654.dir/build.make CMakeFiles/cmTryCompileExec3779651654.dir/build
make[1]: Entering directory `/home/pi/easyNav-gears/CG3002_ROS_WS/build/CMakeFiles/CMakeTmp'
/usr/bin/cmake -E cmake_progress_report /home/pi/easyNav-gears/CG3002_ROS_WS/build/CMakeFiles/CMakeTmp/CMakeFiles 1
Building C object CMakeFiles/cmTryCompileExec3779651654.dir/CheckSymbolExists.c.o
/usr/bin/gcc    -o CMakeFiles/cmTryCompileExec3779651654.dir/CheckSymbolExists.c.o   -c /home/pi/easyNav-gears/CG3002_ROS_WS/build/CMakeFiles/CMakeTmp/CheckSymbolExists.c
Linking C executable cmTryCompileExec3779651654
/usr/bin/cmake -E cmake_link_script CMakeFiles/cmTryCompileExec3779651654.dir/link.txt --verbose=1
/usr/bin/gcc         CMakeFiles/cmTryCompileExec3779651654.dir/CheckSymbolExists.c.o  -o cmTryCompileExec3779651654 -rdynamic 
CMakeFiles/cmTryCompileExec3779651654.dir/CheckSymbolExists.c.o: In function `main':
CheckSymbolExists.c:(.text+0x38): undefined reference to `pthread_create'
collect2: ld returned 1 exit status
make[1]: Leaving directory `/home/pi/easyNav-gears/CG3002_ROS_WS/build/CMakeFiles/CMakeTmp'
make[1]: *** [cmTryCompileExec3779651654] Error 1
make: *** [cmTryCompileExec3779651654/fast] Error 2

File /home/pi/easyNav-gears/CG3002_ROS_WS/build/CMakeFiles/CMakeTmp/CheckSymbolExists.c:
/* */
#include <pthread.h>

int main(int argc, char** argv)
{
  (void)argv;
#ifndef pthread_create
  return ((int*)(&pthread_create))[argc];
#else
  (void)argc;
  return 0;
#endif
}

Determining if the function pthread_create exists in the pthreads failed with the following output:
Change Dir: /home/pi/easyNav-gears/CG3002_ROS_WS/build/CMakeFiles/CMakeTmp

Run Build Command:/usr/bin/make "cmTryCompileExec3911059592/fast"
/usr/bin/make -f CMakeFiles/cmTryCompileExec3911059592.dir/build.make CMakeFiles/cmTryCompileExec3911059592.dir/build
make[1]: Entering directory `/home/pi/easyNav-gears/CG3002_ROS_WS/build/CMakeFiles/CMakeTmp'
/usr/bin/cmake -E cmake_progress_report /home/pi/easyNav-gears/CG3002_ROS_WS/build/CMakeFiles/CMakeTmp/CMakeFiles 1
Building C object CMakeFiles/cmTryCompileExec3911059592.dir/CheckFunctionExists.c.o
/usr/bin/gcc   -DCHECK_FUNCTION_EXISTS=pthread_create   -o CMakeFiles/cmTryCompileExec3911059592.dir/CheckFunctionExists.c.o   -c /usr/share/cmake-2.8/Modules/CheckFunctionExists.c
Linking C executable cmTryCompileExec3911059592
/usr/bin/cmake -E cmake_link_script CMakeFiles/cmTryCompileExec3911059592.dir/link.txt --verbose=1
/usr/bin/gcc     -DCHECK_FUNCTION_EXISTS=pthread_create    CMakeFiles/cmTryCompileExec3911059592.dir/CheckFunctionExists.c.o  -o cmTryCompileExec3911059592 -rdynamic -lpthreads 
/usr/bin/ld: cannot find -lpthreads
collect2: ld returned 1 exit status
make[1]: Leaving directory `/home/pi/easyNav-gears/CG3002_ROS_WS/build/CMakeFiles/CMakeTmp'
make[1]: *** [cmTryCompileExec3911059592] Error 1
make: *** [cmTryCompileExec3911059592/fast] Error 2


